<?xml version="1.0" encoding="UTF-8"?>
<testng-results ignored="0" total="1" passed="1" failed="0" skipped="0">
  <reporter-output>
  </reporter-output>
  <suite started-at="2025-07-03T00:32:35 IST" name="Suite" finished-at="2025-07-03T00:32:35 IST" duration-ms="71">
    <groups>
    </groups>
    <test started-at="2025-07-03T00:32:35 IST" name="Test" finished-at="2025-07-03T00:32:35 IST" duration-ms="71">
      <class name="com.cicd.sample">
        <test-method signature="sampletest()[pri:0, instance:com.cicd.sample@15c43bd9]" started-at="2025-07-03T00:32:35 IST" name="sampletest" finished-at="2025-07-03T00:32:35 IST" duration-ms="9" status="PASS">
          <reporter-output>
          </reporter-output>
        </test-method> <!-- sampletest -->
      </class> <!-- com.cicd.sample -->
    </test> <!-- Test -->
  </suite> <!-- Suite -->
</testng-results>
